<?xml version="1.0" encoding="UTF-8"?>
<testng-results skipped="0" failed="0" ignored="0" total="6" passed="6">
  <reporter-output>
  </reporter-output>
  <suite name="Default suite" duration-ms="32923" started-at="2021-08-18T03:44:58Z" finished-at="2021-08-18T03:45:31Z">
    <groups>
      <group name="cucumber">
        <method signature="AbstractTestNGCucumberTests.runScenario(io.cucumber.testng.PickleWrapper, io.cucumber.testng.FeatureWrapper)[pri:0, instance:testRunners.parallelTest@2b9627bc]" name="runScenario" class="io.cucumber.testng.AbstractTestNGCucumberTests"/>
      </group> <!-- cucumber -->
    </groups>
    <test name="Default test" duration-ms="32923" started-at="2021-08-18T03:44:58Z" finished-at="2021-08-18T03:45:31Z">
      <class name="testRunners.parallelTest">
        <test-method status="PASS" signature="setUpClass()[pri:0, instance:testRunners.parallelTest@2b9627bc]" name="setUpClass" is-config="true" duration-ms="894" started-at="2021-08-18T03:44:58Z" finished-at="2021-08-18T03:44:59Z">
          <reporter-output>
          </reporter-output>
        </test-method> <!-- setUpClass -->
        <test-method status="PASS" signature="runScenario(io.cucumber.testng.PickleWrapper, io.cucumber.testng.FeatureWrapper)[pri:0, instance:testRunners.parallelTest@2b9627bc]" name="runScenario" duration-ms="22555" started-at="2021-08-18T03:44:59Z" description="Runs Cucumber Scenarios" data-provider="scenarios" finished-at="2021-08-18T03:45:21Z">
          <params>
            <param index="0">
              <value>
                <![CDATA["Accounts page title"]]>
              </value>
            </param>
            <param index="1">
              <value>
                <![CDATA["Optional[Account Page Feature]"]]>
              </value>
            </param>
          </params>
          <reporter-output>
          </reporter-output>
        </test-method> <!-- runScenario -->
        <test-method status="PASS" signature="runScenario(io.cucumber.testng.PickleWrapper, io.cucumber.testng.FeatureWrapper)[pri:0, instance:testRunners.parallelTest@2b9627bc]" name="runScenario" duration-ms="24379" started-at="2021-08-18T03:44:59Z" description="Runs Cucumber Scenarios" data-provider="scenarios" finished-at="2021-08-18T03:45:23Z">
          <params>
            <param index="0">
              <value>
                <![CDATA["Accounts section count"]]>
              </value>
            </param>
            <param index="1">
              <value>
                <![CDATA["Optional[Account Page Feature]"]]>
              </value>
            </param>
          </params>
          <reporter-output>
          </reporter-output>
        </test-method> <!-- runScenario -->
        <test-method status="PASS" signature="runScenario(io.cucumber.testng.PickleWrapper, io.cucumber.testng.FeatureWrapper)[pri:0, instance:testRunners.parallelTest@2b9627bc]" name="runScenario" duration-ms="25600" started-at="2021-08-18T03:44:59Z" description="Runs Cucumber Scenarios" data-provider="scenarios" finished-at="2021-08-18T03:45:24Z">
          <params>
            <param index="0">
              <value>
                <![CDATA["Contact Us scenario with different set of data"]]>
              </value>
            </param>
            <param index="1">
              <value>
                <![CDATA["Optional[ContactUsPage]"]]>
              </value>
            </param>
          </params>
          <reporter-output>
          </reporter-output>
        </test-method> <!-- runScenario -->
        <test-method status="PASS" signature="runScenario(io.cucumber.testng.PickleWrapper, io.cucumber.testng.FeatureWrapper)[pri:0, instance:testRunners.parallelTest@2b9627bc]" name="runScenario" duration-ms="19083" started-at="2021-08-18T03:44:59Z" description="Runs Cucumber Scenarios" data-provider="scenarios" finished-at="2021-08-18T03:45:18Z">
          <params>
            <param index="0">
              <value>
                <![CDATA["Login page title"]]>
              </value>
            </param>
            <param index="1">
              <value>
                <![CDATA["Optional[Login page feature]"]]>
              </value>
            </param>
          </params>
          <reporter-output>
          </reporter-output>
        </test-method> <!-- runScenario -->
        <test-method status="PASS" signature="runScenario(io.cucumber.testng.PickleWrapper, io.cucumber.testng.FeatureWrapper)[pri:0, instance:testRunners.parallelTest@2b9627bc]" name="runScenario" duration-ms="29393" started-at="2021-08-18T03:44:59Z" description="Runs Cucumber Scenarios" data-provider="scenarios" finished-at="2021-08-18T03:45:28Z">
          <params>
            <param index="0">
              <value>
                <![CDATA["Contact Us scenario with different set of data"]]>
              </value>
            </param>
            <param index="1">
              <value>
                <![CDATA["Optional[ContactUsPage]"]]>
              </value>
            </param>
          </params>
          <reporter-output>
          </reporter-output>
        </test-method> <!-- runScenario -->
        <test-method status="PASS" signature="runScenario(io.cucumber.testng.PickleWrapper, io.cucumber.testng.FeatureWrapper)[pri:0, instance:testRunners.parallelTest@2b9627bc]" name="runScenario" duration-ms="18963" started-at="2021-08-18T03:44:59Z" description="Runs Cucumber Scenarios" data-provider="scenarios" finished-at="2021-08-18T03:45:18Z">
          <params>
            <param index="0">
              <value>
                <![CDATA["Forgot Password link"]]>
              </value>
            </param>
            <param index="1">
              <value>
                <![CDATA["Optional[Login page feature]"]]>
              </value>
            </param>
          </params>
          <reporter-output>
          </reporter-output>
        </test-method> <!-- runScenario -->
        <test-method status="PASS" signature="tearDownClass()[pri:0, instance:testRunners.parallelTest@2b9627bc]" name="tearDownClass" is-config="true" duration-ms="2600" started-at="2021-08-18T03:45:28Z" finished-at="2021-08-18T03:45:31Z">
          <reporter-output>
          </reporter-output>
        </test-method> <!-- tearDownClass -->
      </class> <!-- testRunners.parallelTest -->
    </test> <!-- Default test -->
  </suite> <!-- Default suite -->
</testng-results>
